score,num_moves,game_duration,did_win
250,78,0.016743183135986328,0
730,123,0.004233121871948242,1
165,299,0.019231081008911133,0
740,130,0.0045719146728515625,1
470,299,0.01445913314819336,0
350,299,0.01579904556274414,0
750,141,0.005716085433959961,1
150,299,0.019622087478637695,0
745,129,0.004591703414916992,1
255,299,0.01581740379333496,0
725,131,0.0050199031829833984,1
220,299,0.015339136123657227,0
205,299,0.01911616325378418,0
235,299,0.018604040145874023,0
250,299,0.018267154693603516,0
695,111,0.004664182662963867,1
740,120,0.004357814788818359,1
180,299,0.019421100616455078,0
735,127,0.004199981689453125,1
390,95,0.01323080062866211,0
410,102,0.012550115585327148,0
720,126,0.004945039749145508,1
205,299,0.018305063247680664,0
240,299,0.017323970794677734,0
160,299,0.019582033157348633,0
715,124,0.00500798225402832,1
750,132,0.0045588016510009766,1
350,299,0.015510082244873047,0
700,121,0.0047490596771240234,1
700,122,0.004705190658569336,1
760,151,0.00728297233581543,1
210,299,0.01902604103088379,0
715,124,0.004746198654174805,1
355,299,0.015564918518066406,0
225,299,0.018095731735229492,0
260,299,0.01742720603942871,0
740,137,0.00498199462890625,1
235,299,0.016947031021118164,0
710,114,0.004703998565673828,1
715,127,0.0047113895416259766,1
205,299,0.019350051879882812,0
185,299,0.015788793563842773,0
710,129,0.005240917205810547,1
755,137,0.004966259002685547,1
130,299,0.019128084182739258,0
180,299,0.018642902374267578,0
730,118,0.004112958908081055,1
110,299,0.018852949142456055,0
235,299,0.02009892463684082,0
740,140,0.005175113677978516,1
720,127,0.004988908767700195,1
235,299,0.018445968627929688,0
710,129,0.004877805709838867,1
305,299,0.014822959899902344,0
335,90,0.011115789413452148,0
740,129,0.00596308708190918,1
365,299,0.01578807830810547,0
710,125,0.004683971405029297,1
265,299,0.02044224739074707,0
730,127,0.004663944244384766,1
725,130,0.004951000213623047,1
225,299,0.019045114517211914,0
705,142,0.0058040618896484375,1
710,120,0.004363059997558594,1
745,121,0.005056858062744141,1
755,150,0.006654024124145508,1
265,299,0.01894402503967285,0
730,130,0.00486302375793457,1
210,299,0.019190073013305664,0
730,127,0.0045850276947021484,1
730,140,0.005912065505981445,1
725,128,0.005689859390258789,1
230,299,0.018983125686645508,0
355,103,0.011616945266723633,0
135,299,0.02015995979309082,0
215,299,0.019027233123779297,0
205,299,0.018461942672729492,0
705,113,0.004204988479614258,1
735,134,0.005171060562133789,1
200,299,0.018327713012695312,0
710,127,0.004748106002807617,1
95,299,0.02105712890625,0
170,299,0.01763129234313965,0
195,299,0.018985986709594727,0
740,134,0.0050618648529052734,1
750,142,0.005300045013427734,1
140,299,0.01998424530029297,0
725,127,0.004106998443603516,1
440,299,0.01616501808166504,0
755,139,0.005199909210205078,1
760,143,0.005830049514770508,1
240,299,0.020399808883666992,0
195,299,0.018695831298828125,0
120,299,0.02008819580078125,0
210,299,0.0172421932220459,0
240,299,0.017277002334594727,0
370,93,0.013583898544311523,0
130,299,0.019500017166137695,0
245,299,0.018352031707763672,0
230,299,0.019129037857055664,0
750,132,0.0053157806396484375,1
205,299,0.018970012664794922,0
250,299,0.019331932067871094,0
345,299,0.01473689079284668,0
740,136,0.005055904388427734,1
730,141,0.005521059036254883,1
730,128,0.006302356719970703,1
735,138,0.006018877029418945,1
180,299,0.018994808197021484,0
750,136,0.005403995513916016,1
735,139,0.006555080413818359,1
145,299,0.019721031188964844,0
740,136,0.004806041717529297,1
720,125,0.004792928695678711,1
340,299,0.01738119125366211,0
705,120,0.004686832427978516,1
175,299,0.01965785026550293,0
295,85,0.013033866882324219,0
215,299,0.017612934112548828,0
665,117,0.005045890808105469,1
755,129,0.00612187385559082,1
750,133,0.0054759979248046875,1
215,299,0.01874685287475586,0
710,126,0.005139827728271484,1
735,133,0.005151033401489258,1
250,299,0.017281055450439453,0
150,299,0.019928932189941406,0
330,299,0.015970945358276367,0
735,136,0.00532078742980957,1
170,299,0.01932811737060547,0
190,299,0.01944899559020996,0
730,139,0.005740642547607422,1
215,299,0.017065048217773438,0
745,140,0.0056078433990478516,1
690,118,0.004415035247802734,1
745,135,0.006577968597412109,1
755,139,0.00506281852722168,1
720,128,0.005234956741333008,1
205,299,0.02022695541381836,0
730,131,0.005469083786010742,1
260,299,0.019479036331176758,0
325,299,0.016312837600708008,0
445,299,0.01625204086303711,0
740,134,0.005471229553222656,1
200,299,0.019405126571655273,0
225,299,0.018368005752563477,0
715,126,0.004949092864990234,1
695,145,0.007158041000366211,1
190,299,0.019744157791137695,0
110,299,0.019355058670043945,0
695,111,0.004611015319824219,1
120,299,0.019163131713867188,0
220,299,0.019656896591186523,0
165,299,0.017228126525878906,0
220,299,0.018959999084472656,0
720,126,0.004472970962524414,1
195,299,0.019472122192382812,0
220,299,0.019150257110595703,0
130,299,0.01957082748413086,0
250,299,0.019002914428710938,0
750,138,0.004888057708740234,1
355,91,0.013300895690917969,0
205,299,0.019092798233032227,0
105,299,0.01884174346923828,0
720,140,0.0054531097412109375,1
750,139,0.005694150924682617,1
750,141,0.006041288375854492,1
745,121,0.004435062408447266,1
730,127,0.005772113800048828,1
320,299,0.01698017120361328,0
710,124,0.004759073257446289,1
230,299,0.015173912048339844,0
200,299,0.019019603729248047,0
715,122,0.0046689510345458984,1
740,120,0.0047380924224853516,1
260,299,0.01775193214416504,0
315,299,0.017419099807739258,0
670,116,0.004772186279296875,1
145,299,0.019083023071289062,0
250,299,0.020167827606201172,0
710,123,0.005324125289916992,1
325,299,0.017342805862426758,0
120,299,0.018886804580688477,0
320,299,0.018754005432128906,0
205,299,0.019370079040527344,0
435,299,0.015847206115722656,0
710,114,0.004974842071533203,1
355,79,0.012617111206054688,0
310,79,0.016283035278320312,0
430,116,0.013443708419799805,0
235,299,0.019034147262573242,0
360,299,0.017514944076538086,0
715,120,0.0048236846923828125,1
335,96,0.014222145080566406,0
130,299,0.01903700828552246,0
400,299,0.015495061874389648,0
725,125,0.0041620731353759766,1
730,118,0.005884885787963867,1
85,299,0.0189821720123291,0
310,299,0.015744924545288086,0
175,299,0.018739938735961914,0
405,299,0.015916824340820312,0
380,92,0.011271953582763672,0
215,299,0.020233154296875,0
720,122,0.004111051559448242,1
755,134,0.005743980407714844,1
270,299,0.02072286605834961,0
470,94,0.012345075607299805,0
230,299,0.019670963287353516,0
710,119,0.004086971282958984,1
305,299,0.01738286018371582,0
725,132,0.00532984733581543,1
285,299,0.018803119659423828,0
130,299,0.019360065460205078,0
230,299,0.020517826080322266,0
750,136,0.005156278610229492,1
230,299,0.01883697509765625,0
200,299,0.01756119728088379,0
715,124,0.004804849624633789,1
200,299,0.017611980438232422,0
330,299,0.018843889236450195,0
700,120,0.004560947418212891,1
360,299,0.019208192825317383,0
190,299,0.019298076629638672,0
275,299,0.015946626663208008,0
735,148,0.005179882049560547,1
315,299,0.015771150588989258,0
320,299,0.015801191329956055,0
230,299,0.018352985382080078,0
125,299,0.018751859664916992,0
390,299,0.015529394149780273,0
255,299,0.018011808395385742,0
270,299,0.014299869537353516,0
725,130,0.005206584930419922,1
185,299,0.01874685287475586,0
715,125,0.004400730133056641,1
710,126,0.0045239925384521484,1
740,125,0.0054340362548828125,1
730,128,0.0045049190521240234,1
735,131,0.004656791687011719,1
740,130,0.0056591033935546875,1
260,299,0.018655061721801758,0
140,299,0.019560813903808594,0
120,299,0.01859879493713379,0
740,127,0.0045011043548583984,1
730,132,0.0050542354583740234,1
125,299,0.019639968872070312,0
725,131,0.005414009094238281,1
730,126,0.004352092742919922,1
335,299,0.01685190200805664,0
215,299,0.01857614517211914,0
270,299,0.01861095428466797,0
740,130,0.004862070083618164,1
245,299,0.015852689743041992,0
320,299,0.018162012100219727,0
470,88,0.014730215072631836,0
180,299,0.020547151565551758,0
705,129,0.00467371940612793,1
70,299,0.019157886505126953,0
215,299,0.017657041549682617,0
255,299,0.018913984298706055,0
180,299,0.019380807876586914,0
160,299,0.016021013259887695,0
215,299,0.014950752258300781,0
170,299,0.018558025360107422,0
300,81,0.016056060791015625,0
730,131,0.004742860794067383,1
730,133,0.005240917205810547,1
370,299,0.01578211784362793,0
270,299,0.017436742782592773,0
735,135,0.0056269168853759766,1
710,128,0.004971027374267578,1
705,126,0.006174802780151367,1
720,126,0.005257129669189453,1
730,118,0.005305051803588867,1
420,299,0.01680469512939453,0
710,114,0.004395008087158203,1
95,299,0.0198209285736084,0
205,299,0.01872110366821289,0
705,122,0.004426240921020508,1
740,131,0.004953145980834961,1
325,299,0.018801212310791016,0
245,299,0.017482995986938477,0
185,299,0.018666982650756836,0
255,299,0.01875019073486328,0
735,129,0.005051136016845703,1
700,122,0.004426002502441406,1
395,299,0.015639066696166992,0
130,299,0.01923513412475586,0
300,299,0.015295267105102539,0
715,125,0.0049610137939453125,1
755,141,0.005095958709716797,1
280,299,0.015681982040405273,0
740,144,0.0057027339935302734,1
265,299,0.01890707015991211,0
735,133,0.004992961883544922,1
255,299,0.02027273178100586,0
750,152,0.0062448978424072266,1
210,299,0.018959999084472656,0
245,299,0.018484830856323242,0
200,299,0.019482135772705078,0
135,299,0.01920175552368164,0
130,299,0.019417762756347656,0
740,142,0.005898952484130859,1
160,299,0.01871180534362793,0
740,130,0.00503993034362793,1
155,299,0.01830887794494629,0
360,299,0.016849994659423828,0
330,93,0.01095128059387207,0
750,132,0.006018877029418945,1
190,299,0.018970966339111328,0
755,136,0.004728794097900391,1
745,128,0.004399299621582031,1
670,126,0.0065441131591796875,1
305,299,0.020775318145751953,0
725,138,0.00528407096862793,1
105,299,0.01897597312927246,0
455,99,0.013025999069213867,0
730,141,0.005475759506225586,1
245,299,0.01893901824951172,0
105,299,0.018265247344970703,0
735,129,0.004508256912231445,1
735,137,0.0053958892822265625,1
775,139,0.0062961578369140625,1
745,133,0.004770994186401367,1
440,103,0.013571023941040039,0
230,299,0.0193789005279541,0
355,299,0.016909122467041016,0
145,299,0.019796133041381836,0
735,134,0.004923105239868164,1
245,299,0.017673254013061523,0
215,299,0.01738595962524414,0
255,299,0.01967787742614746,0
290,299,0.018095970153808594,0
230,299,0.016237974166870117,0
335,299,0.016951799392700195,0
220,299,0.020005226135253906,0
240,299,0.02119898796081543,0
715,131,0.005071878433227539,1
270,299,0.02015995979309082,0
140,299,0.020674943923950195,0
280,299,0.019979000091552734,0
285,299,0.021075010299682617,0
390,299,0.01477193832397461,0
185,299,0.019387006759643555,0
260,299,0.01937699317932129,0
200,299,0.019075870513916016,0
380,83,0.01447916030883789,0
710,128,0.004953861236572266,1
725,131,0.005218982696533203,1
725,123,0.005561113357543945,1
365,299,0.01867079734802246,0
365,93,0.012639999389648438,0
290,299,0.017405271530151367,0
735,129,0.005207061767578125,1
730,132,0.005178213119506836,1
550,116,0.013220071792602539,0
730,118,0.004275798797607422,1
160,299,0.01964879035949707,0
720,134,0.00526118278503418,1
225,299,0.0187530517578125,0
205,299,0.018995046615600586,0
715,135,0.005300998687744141,1
740,127,0.004498958587646484,1
205,299,0.018925189971923828,0
695,119,0.004569053649902344,1
200,299,0.021457910537719727,0
290,299,0.016913890838623047,0
190,299,0.02045583724975586,0
255,299,0.019159793853759766,0
455,299,0.014657020568847656,0
180,299,0.019212961196899414,0
220,299,0.01862192153930664,0
730,124,0.004556179046630859,1
720,143,0.005882740020751953,1
720,126,0.006268978118896484,1
140,299,0.019510984420776367,0
310,299,0.017033100128173828,0
730,127,0.004878997802734375,1
165,299,0.019047975540161133,0
215,299,0.018527984619140625,0
750,135,0.004670858383178711,1
300,299,0.019041061401367188,0
160,299,0.019012928009033203,0
105,299,0.01872396469116211,0
190,299,0.02035808563232422,0
135,299,0.018193960189819336,0
210,299,0.01860785484313965,0
135,299,0.018685102462768555,0
295,299,0.01572895050048828,0
725,128,0.005140066146850586,1
235,299,0.01643514633178711,0
705,124,0.004704713821411133,1
260,299,0.014505863189697266,0
250,299,0.017012834548950195,0
250,299,0.01861286163330078,0
745,134,0.005120992660522461,1
325,299,0.016947031021118164,0
355,299,0.017184019088745117,0
105,299,0.019377946853637695,0
715,129,0.005053043365478516,1
305,299,0.01607489585876465,0
750,143,0.005764961242675781,1
730,123,0.005514860153198242,1
205,299,0.018129825592041016,0
325,299,0.015184164047241211,0
325,299,0.018758058547973633,0
760,139,0.005331993103027344,1
715,141,0.0074579715728759766,1
335,83,0.014661312103271484,0
710,121,0.004675865173339844,1
730,133,0.004911184310913086,1
215,299,0.019273042678833008,0
115,299,0.019308805465698242,0
255,299,0.018943071365356445,0
730,132,0.004942893981933594,1
135,299,0.019742965698242188,0
165,299,0.01961374282836914,0
175,299,0.01888108253479004,0
265,299,0.01680302619934082,0
75,299,0.021132946014404297,0
730,122,0.005270719528198242,1
245,299,0.017604827880859375,0
740,130,0.004956245422363281,1
365,299,0.014443159103393555,0
190,299,0.019182920455932617,0
130,299,0.01943182945251465,0
365,89,0.014447689056396484,0
290,299,0.017254114151000977,0
735,123,0.004608154296875,1
165,299,0.019346952438354492,0
735,130,0.004953145980834961,1
375,98,0.014015913009643555,0
90,299,0.01905679702758789,0
220,299,0.018923044204711914,0
755,135,0.004601001739501953,1
375,299,0.01584911346435547,0
565,112,0.010684013366699219,0
155,299,0.01947188377380371,0
195,299,0.020605802536010742,0
150,299,0.019607067108154297,0
735,132,0.00498509407043457,1
255,299,0.01699209213256836,0
165,299,0.01865983009338379,0
435,299,0.014079093933105469,0
170,299,0.01948380470275879,0
740,132,0.0050678253173828125,1
735,119,0.0041463375091552734,1
745,137,0.006300210952758789,1
105,299,0.01957106590270996,0
735,119,0.004488945007324219,1
720,131,0.0053060054779052734,1
205,299,0.019247055053710938,0
280,299,0.01904606819152832,0
155,299,0.01889204978942871,0
280,299,0.018510818481445312,0
250,299,0.02022409439086914,0
360,299,0.018637895584106445,0
460,100,0.011963844299316406,0
310,299,0.01785588264465332,0
155,299,0.01950693130493164,0
195,299,0.01874685287475586,0
215,299,0.018903255462646484,0
180,299,0.019832134246826172,0
750,142,0.005594968795776367,1
290,299,0.014601945877075195,0
165,299,0.01972818374633789,0
720,138,0.005790233612060547,1
325,299,0.016501903533935547,0
740,128,0.004689931869506836,1
330,98,0.014701128005981445,0
365,90,0.012346982955932617,0
450,299,0.015799999237060547,0
215,299,0.020275115966796875,0
730,132,0.005248069763183594,1
725,130,0.004878044128417969,1
150,299,0.019284963607788086,0
205,299,0.018738985061645508,0
260,299,0.01609206199645996,0
395,99,0.013716936111450195,0
540,115,0.010919332504272461,0
725,127,0.0054090023040771484,1
370,299,0.018508195877075195,0
715,115,0.004171133041381836,1
220,299,0.016952991485595703,0
720,124,0.005969047546386719,1
250,299,0.018672943115234375,0
275,299,0.019156932830810547,0
215,299,0.019564151763916016,0
255,299,0.01922297477722168,0
200,299,0.021234989166259766,0
190,299,0.01902914047241211,0
185,299,0.018834829330444336,0
140,299,0.019708871841430664,0
245,299,0.018524169921875,0
475,104,0.013483047485351562,0
210,299,0.019034147262573242,0
165,299,0.019375324249267578,0
750,133,0.004841804504394531,1
710,122,0.004409074783325195,1
180,299,0.015948057174682617,0
245,299,0.018774986267089844,0
135,299,0.01915121078491211,0
745,129,0.0045740604400634766,1
745,130,0.0047109127044677734,1
750,140,0.0063648223876953125,1
295,299,0.013852834701538086,0
150,299,0.019900083541870117,0
290,299,0.019781827926635742,0
725,136,0.005337238311767578,1
185,299,0.019209861755371094,0
165,299,0.019311904907226562,0
240,299,0.01844310760498047,0
265,299,0.017042875289916992,0
235,299,0.018744945526123047,0
320,85,0.012573957443237305,0
715,133,0.0057201385498046875,1
740,131,0.005034923553466797,1
185,299,0.020040035247802734,0
350,299,0.018931865692138672,0
280,83,0.011691093444824219,0
275,299,0.016611099243164062,0
465,299,0.013983964920043945,0
725,117,0.0044307708740234375,1
705,126,0.0050868988037109375,1
755,147,0.006552934646606445,1
200,299,0.020533084869384766,0
745,146,0.005897045135498047,1
170,299,0.018876075744628906,0
215,299,0.01876235008239746,0
740,146,0.005964040756225586,1
735,125,0.004635810852050781,1
695,123,0.006249189376831055,1
165,299,0.0206449031829834,0
225,299,0.01702404022216797,0
720,116,0.005131959915161133,1
745,135,0.006372213363647461,1
705,124,0.005857229232788086,1
125,299,0.0213320255279541,0
295,299,0.016730070114135742,0
725,128,0.0047149658203125,1
335,299,0.017287015914916992,0
715,134,0.005164146423339844,1
265,299,0.017599105834960938,0
255,299,0.01724386215209961,0
160,299,0.02280592918395996,0
275,299,0.02060389518737793,0
145,299,0.024378061294555664,0
700,128,0.008807897567749023,1
120,299,0.026681900024414062,0
190,299,0.020677804946899414,0
215,299,0.019694089889526367,0
300,299,0.020030975341796875,0
145,299,0.01942610740661621,0
185,299,0.020778894424438477,0
165,299,0.018903017044067383,0
690,120,0.004124164581298828,1
705,118,0.004433155059814453,1
305,299,0.016646862030029297,0
725,124,0.004107952117919922,1
165,299,0.017967939376831055,0
745,129,0.0044438838958740234,1
185,299,0.01999211311340332,0
690,121,0.005180835723876953,1
235,299,0.019006967544555664,0
715,129,0.0049669742584228516,1
170,299,0.018162012100219727,0
280,299,0.018424034118652344,0
715,123,0.004887104034423828,1
400,299,0.016102075576782227,0
190,299,0.014554023742675781,0
740,140,0.005701303482055664,1
740,135,0.005260944366455078,1
715,130,0.0061321258544921875,1
280,299,0.01855182647705078,0
730,125,0.00436091423034668,1
185,299,0.019919872283935547,0
715,127,0.0053119659423828125,1
170,299,0.019561052322387695,0
235,299,0.017292022705078125,0
210,299,0.017034053802490234,0
220,299,0.015608072280883789,0
315,299,0.015883207321166992,0
175,299,0.018992185592651367,0
695,119,0.004656076431274414,1
745,121,0.004366159439086914,1
365,299,0.015690088272094727,0
245,299,0.018641948699951172,0
405,89,0.011748790740966797,0
705,127,0.005391836166381836,1
735,129,0.005697011947631836,1
140,299,0.0177609920501709,0
110,299,0.019083023071289062,0
305,299,0.015291213989257812,0
715,133,0.006040811538696289,1
720,124,0.006365776062011719,1
715,134,0.005493879318237305,1
720,127,0.004312038421630859,1
735,138,0.006983757019042969,1
680,123,0.00476527214050293,1
735,125,0.004279136657714844,1
735,125,0.0053670406341552734,1
725,123,0.004784107208251953,1
190,299,0.01895904541015625,0
140,299,0.01870894432067871,0
720,129,0.004984140396118164,1
740,144,0.005878925323486328,1
350,98,0.01407003402709961,0
515,104,0.010760307312011719,0
175,299,0.01939105987548828,0
260,299,0.018687963485717773,0
220,299,0.01893782615661621,0
750,129,0.004405975341796875,1
320,299,0.017776966094970703,0
235,299,0.0186920166015625,0
90,299,0.019227027893066406,0
240,299,0.0186307430267334,0
695,134,0.005623817443847656,1
245,299,0.018599271774291992,0
195,299,0.019257068634033203,0
165,299,0.01874995231628418,0
315,299,0.01686406135559082,0
275,299,0.017533302307128906,0
385,102,0.010544061660766602,0
745,142,0.007124185562133789,1
505,299,0.014503955841064453,0
735,119,0.004168033599853516,1
720,128,0.0049207210540771484,1
740,141,0.006880044937133789,1
250,299,0.019237041473388672,0
105,299,0.019664764404296875,0
310,299,0.014463186264038086,0
240,299,0.019803762435913086,0
740,141,0.00555872917175293,1
195,299,0.020760059356689453,0
705,122,0.005069732666015625,1
720,130,0.0046482086181640625,1
730,132,0.006279945373535156,1
710,131,0.005443096160888672,1
270,299,0.017090797424316406,0
715,132,0.005419015884399414,1
720,124,0.004637956619262695,1
275,85,0.014142990112304688,0
715,130,0.005015850067138672,1
705,127,0.004631996154785156,1
315,299,0.016971111297607422,0
735,130,0.004373073577880859,1
185,299,0.015966176986694336,0
175,299,0.01900196075439453,0
300,299,0.018782854080200195,0
755,130,0.0048677921295166016,1
725,135,0.005135297775268555,1
280,299,0.01706719398498535,0
140,299,0.018726110458374023,0
235,299,0.018568754196166992,0
190,299,0.019533634185791016,0
755,143,0.005197763442993164,1
270,299,0.02023029327392578,0
730,118,0.004367828369140625,1
730,125,0.0050199031829833984,1
320,299,0.016986846923828125,0
150,299,0.018583059310913086,0
725,145,0.005877017974853516,1
165,299,0.018550872802734375,0
755,137,0.00468897819519043,1
740,138,0.0051801204681396484,1
735,119,0.0057220458984375,1
370,299,0.015874862670898438,0
115,299,0.01929616928100586,0
280,299,0.015761137008666992,0
695,117,0.0045011043548583984,1
410,299,0.01566004753112793,0
745,131,0.004675149917602539,1
735,137,0.005224943161010742,1
720,126,0.0061719417572021484,1
545,114,0.01389002799987793,0
740,132,0.006131172180175781,1
735,127,0.006110191345214844,1
710,122,0.004857778549194336,1
220,299,0.019003868103027344,0
280,299,0.01695990562438965,0
100,299,0.01896500587463379,0
720,122,0.0040378570556640625,1
715,130,0.005057811737060547,1
245,299,0.018777132034301758,0
125,299,0.020931005477905273,0
195,299,0.020734071731567383,0
375,299,0.015714168548583984,0
730,128,0.0056591033935546875,1
730,131,0.0063669681549072266,1
710,127,0.00511479377746582,1
745,148,0.006383180618286133,1
715,129,0.0059549808502197266,1
180,299,0.018975257873535156,0
350,299,0.019160032272338867,0
170,299,0.02051377296447754,0
140,299,0.01885366439819336,0
740,136,0.005281925201416016,1
745,121,0.004384040832519531,1
735,136,0.0066280364990234375,1
125,299,0.01987314224243164,0
200,299,0.01840829849243164,0
735,126,0.0047740936279296875,1
730,122,0.004412174224853516,1
715,126,0.0060460567474365234,1
350,299,0.017372846603393555,0
395,299,0.01645493507385254,0
235,299,0.01940464973449707,0
215,299,0.0189816951751709,0
170,299,0.019192934036254883,0
115,299,0.01941823959350586,0
715,127,0.005305051803588867,1
715,127,0.005411863327026367,1
120,299,0.019453048706054688,0
745,142,0.005834102630615234,1
270,299,0.015658855438232422,0
300,78,0.014416933059692383,0
125,299,0.018564939498901367,0
315,299,0.02029585838317871,0
735,149,0.005815982818603516,1
210,299,0.0188601016998291,0
725,126,0.003906965255737305,1
95,299,0.018858909606933594,0
75,299,0.01895904541015625,0
725,128,0.004537820816040039,1
705,123,0.004960060119628906,1
705,119,0.0057048797607421875,1
145,299,0.019024133682250977,0
705,129,0.005182981491088867,1
240,299,0.019130706787109375,0
755,138,0.0048329830169677734,1
725,128,0.00489497184753418,1
125,299,0.018992185592651367,0
325,299,0.015746116638183594,0
715,126,0.004945993423461914,1
705,128,0.004509925842285156,1
735,132,0.00644683837890625,1
275,299,0.018137693405151367,0
760,147,0.005666971206665039,1
710,126,0.0046138763427734375,1
200,299,0.020675182342529297,0
125,299,0.019118070602416992,0
720,132,0.005043983459472656,1
725,125,0.004311800003051758,1
300,299,0.015998125076293945,0
220,299,0.01871204376220703,0
275,299,0.015719890594482422,0
410,299,0.01720595359802246,0
135,299,0.020128965377807617,0
305,299,0.018323183059692383,0
200,299,0.019255876541137695,0
265,299,0.017380237579345703,0
405,92,0.012862920761108398,0
745,131,0.005087852478027344,1
95,299,0.019578933715820312,0
740,125,0.00438237190246582,1
740,131,0.004801034927368164,1
215,299,0.017625808715820312,0
765,134,0.0047228336334228516,1
305,299,0.01821613311767578,0
710,127,0.005541086196899414,1
735,129,0.00511622428894043,1
740,134,0.006345987319946289,1
280,299,0.019012928009033203,0
205,299,0.017035961151123047,0
290,299,0.0169370174407959,0
750,135,0.005313873291015625,1
690,120,0.004282712936401367,1
730,130,0.006269931793212891,1
425,299,0.01574993133544922,0
730,130,0.00490880012512207,1
165,299,0.016048908233642578,0
710,125,0.00460505485534668,1
155,299,0.019002914428710938,0
365,98,0.012510061264038086,0
135,299,0.019282817840576172,0
140,299,0.01910400390625,0
120,299,0.01917409896850586,0
175,299,0.021147966384887695,0
245,299,0.019062042236328125,0
190,299,0.019073963165283203,0
230,299,0.019284963607788086,0
500,100,0.012800931930541992,0
250,299,0.017197132110595703,0
715,130,0.005221843719482422,1
260,299,0.019749879837036133,0
305,299,0.014927864074707031,0
175,299,0.0174100399017334,0
145,299,0.015787124633789062,0
315,83,0.012097835540771484,0
740,135,0.0059812068939208984,1
725,128,0.006745100021362305,1
730,129,0.005251169204711914,1
105,299,0.01908111572265625,0
750,130,0.004416942596435547,1
715,126,0.004425048828125,1
265,299,0.018985986709594727,0
245,299,0.01793503761291504,0
715,127,0.0047969818115234375,1
305,299,0.01738429069519043,0
350,299,0.01562190055847168,0
190,299,0.018970012664794922,0
725,128,0.0048980712890625,1
160,299,0.02101898193359375,0
220,299,0.01703500747680664,0
750,137,0.00521397590637207,1
95,299,0.01897597312927246,0
185,299,0.0177001953125,0
265,299,0.017066001892089844,0
720,132,0.0053179264068603516,1
710,136,0.005747079849243164,1
740,133,0.005956172943115234,1
670,120,0.006783962249755859,1
335,299,0.01736593246459961,0
235,299,0.01704716682434082,0
230,299,0.021542072296142578,0
215,299,0.01907825469970703,0
390,102,0.013134002685546875,0
730,134,0.005321025848388672,1
720,125,0.005013942718505859,1
225,299,0.018879175186157227,0
325,299,0.017398834228515625,0
290,299,0.017287015914916992,0
125,299,0.019902944564819336,0
735,146,0.0052869319915771484,1
680,113,0.004371166229248047,1
745,134,0.005957126617431641,1
385,98,0.01324009895324707,0
295,299,0.017721176147460938,0
745,125,0.004446983337402344,1
285,299,0.01894998550415039,0
155,299,0.019844770431518555,0
720,128,0.0043070316314697266,1
745,135,0.005434274673461914,1
235,299,0.018969058990478516,0
235,299,0.020776033401489258,0
720,129,0.0053598880767822266,1
240,299,0.01898980140686035,0
720,132,0.004985809326171875,1
215,299,0.019440174102783203,0
735,137,0.007416725158691406,1
295,299,0.018022775650024414,0
730,118,0.006323099136352539,1
265,299,0.02029705047607422,0
745,130,0.004786968231201172,1
275,299,0.01867198944091797,0
250,299,0.018811702728271484,0
340,299,0.01741790771484375,0
305,299,0.01556706428527832,0
265,299,0.015845775604248047,0
260,299,0.018402814865112305,0
335,83,0.013883829116821289,0
760,166,0.007909297943115234,1
225,299,0.020947933197021484,0
325,299,0.018452167510986328,0
735,129,0.004645109176635742,1
180,299,0.0180816650390625,0
750,129,0.005316972732543945,1
735,139,0.0058171749114990234,1
225,299,0.015984773635864258,0
385,105,0.013276100158691406,0
340,299,0.01743006706237793,0
235,299,0.019556760787963867,0
710,120,0.004634857177734375,1
750,132,0.004873991012573242,1
685,121,0.00597381591796875,1
295,299,0.016450166702270508,0
730,128,0.0050640106201171875,1
210,299,0.018825054168701172,0
305,299,0.017821073532104492,0
680,116,0.005005836486816406,1
720,122,0.004932880401611328,1
65,299,0.0205230712890625,0
190,299,0.019862890243530273,0
255,299,0.016925811767578125,0
235,81,0.01562809944152832,0
765,135,0.004628896713256836,1
175,299,0.021229028701782227,0
740,145,0.006153106689453125,1
215,299,0.021355867385864258,0
245,299,0.02164912223815918,0
95,299,0.019839048385620117,0
215,299,0.020539045333862305,0
250,299,0.019988059997558594,0
755,131,0.004592180252075195,1
215,299,0.020565032958984375,0
310,299,0.01748490333557129,0
705,136,0.005921125411987305,1
740,138,0.00659489631652832,1
735,141,0.0075070858001708984,1
235,299,0.018830060958862305,0
730,127,0.005520343780517578,1
145,299,0.0197451114654541,0
725,128,0.004745960235595703,1
245,299,0.020446062088012695,0
205,299,0.017620325088500977,0
235,299,0.018815279006958008,0
760,144,0.006760120391845703,1
755,138,0.0069980621337890625,1
325,299,0.017501354217529297,0
130,299,0.021181106567382812,0
720,127,0.0050089359283447266,1
315,299,0.01877903938293457,0
430,89,0.010779142379760742,0
690,130,0.006383180618286133,1
265,299,0.018350839614868164,0
380,91,0.014427900314331055,0
710,126,0.0049631595611572266,1
170,299,0.0220029354095459,0
265,299,0.01884603500366211,0
270,299,0.017001867294311523,0
220,299,0.019482851028442383,0
345,299,0.01805400848388672,0
735,145,0.00616002082824707,1
750,151,0.007375001907348633,1
315,82,0.01590895652770996,0
735,169,0.008012771606445312,1
170,299,0.01970195770263672,0
735,130,0.0046117305755615234,1
735,140,0.005560874938964844,1
160,299,0.021654129028320312,0
725,137,0.005380153656005859,1
255,299,0.015162944793701172,0
745,155,0.006623983383178711,1
355,299,0.014385223388671875,0
200,299,0.01777195930480957,0
215,299,0.02147674560546875,0
235,299,0.017644882202148438,0
390,299,0.015992164611816406,0
725,133,0.004975795745849609,1
170,299,0.020684242248535156,0
730,126,0.004071950912475586,1
710,126,0.005328178405761719,1
205,299,0.01822805404663086,0
220,299,0.018085718154907227,0
245,299,0.01763606071472168,0
165,299,0.019437074661254883,0
755,139,0.006864070892333984,1
755,133,0.005316734313964844,1
720,135,0.006109952926635742,1
175,299,0.019049882888793945,0
720,131,0.005110025405883789,1
740,135,0.005285978317260742,1
720,130,0.00727391242980957,1
105,299,0.01948690414428711,0
765,132,0.004694938659667969,1
160,299,0.01885700225830078,0
190,299,0.021452903747558594,0
740,143,0.005796670913696289,1
305,299,0.017436981201171875,0
730,128,0.00473785400390625,1
240,299,0.018388032913208008,0
675,120,0.005021095275878906,1
725,133,0.005565166473388672,1
270,299,0.017135143280029297,0
725,128,0.005445003509521484,1
370,299,0.017991065979003906,0
250,299,0.017348766326904297,0
270,299,0.016795873641967773,0
715,135,0.005373239517211914,1
225,299,0.01941084861755371,0
720,133,0.005169868469238281,1
140,299,0.02147698402404785,0
710,121,0.0047991275787353516,1
710,130,0.00605320930480957,1
285,299,0.018507003784179688,0
715,130,0.006527900695800781,1
190,299,0.014500141143798828,0
770,126,0.0046122074127197266,1
715,132,0.005707979202270508,1
735,129,0.005567073822021484,1
710,128,0.005450010299682617,1
750,134,0.006517887115478516,1
250,299,0.017760038375854492,0
740,135,0.005418062210083008,1
220,299,0.017118215560913086,0
725,130,0.005242824554443359,1
225,299,0.018929004669189453,0
750,136,0.0050280094146728516,1
325,299,0.019119977951049805,0
190,299,0.018752098083496094,0
720,116,0.003759145736694336,1
720,132,0.00554203987121582,1
740,120,0.005777120590209961,1
305,299,0.016386032104492188,0
195,299,0.018894672393798828,0
250,299,0.01949596405029297,0
145,299,0.02059006690979004,0
710,135,0.00757598876953125,1
195,299,0.019721269607543945,0
305,299,0.01592874526977539,0
320,299,0.019587039947509766,0
380,299,0.017525911331176758,0
730,130,0.0052890777587890625,1
735,139,0.0069408416748046875,1
735,135,0.0052449703216552734,1
275,299,0.017952919006347656,0
755,141,0.0052890777587890625,1
180,299,0.01915907859802246,0
710,130,0.00537109375,1