final_score,num_moves,game_duration,did_succed
685,118,0.003608226776123047,1
265,499,0.03331899642944336,0
280,499,0.030405044555664062,0
270,499,0.032570838928222656,0
155,499,0.03313779830932617,0
165,499,0.03815913200378418,0
195,499,0.03584575653076172,0
135,499,0.03358006477355957,0
665,115,0.0038459300994873047,1
420,95,0.02091217041015625,0
665,113,0.0038979053497314453,1
725,123,0.0037729740142822266,1
240,499,0.027656078338623047,0
130,499,0.032895803451538086,0
170,499,0.03245210647583008,0
245,499,0.03300809860229492,0
665,112,0.0030379295349121094,1
220,499,0.03428792953491211,0
295,499,0.026463985443115234,0
165,499,0.032485008239746094,0
275,499,0.03176093101501465,0
265,499,0.026063203811645508,0
130,499,0.03292107582092285,0
255,499,0.03447413444519043,0
690,125,0.003997325897216797,1
680,119,0.004300832748413086,1
700,135,0.0064542293548583984,1
260,78,0.02621603012084961,0
290,499,0.029275894165039062,0
270,499,0.03225302696228027,0
170,499,0.03615999221801758,0
220,499,0.02986598014831543,0
170,499,0.03299593925476074,0
260,499,0.03264474868774414,0
205,499,0.0322721004486084,0
265,499,0.029779911041259766,0
380,89,0.020764827728271484,0
250,499,0.030901670455932617,0
720,130,0.004052877426147461,1
210,499,0.02862071990966797,0
235,499,0.029228925704956055,0
190,499,0.030400991439819336,0
295,499,0.026773929595947266,0
395,93,0.02128314971923828,0
270,499,0.030447959899902344,0
180,499,0.028940916061401367,0
230,499,0.03307390213012695,0
695,131,0.0037250518798828125,1
140,499,0.03604602813720703,0
730,153,0.005864858627319336,1
670,118,0.0042989253997802734,1
145,499,0.033303022384643555,0
295,499,0.033325910568237305,0
170,499,0.03235006332397461,0
190,499,0.031897783279418945,0
735,135,0.0045168399810791016,1
285,82,0.02014303207397461,0
130,499,0.03536677360534668,0
195,499,0.03365492820739746,0
270,499,0.03209376335144043,0
710,129,0.003757953643798828,1
265,499,0.03104090690612793,0
710,123,0.00347900390625,1
280,499,0.027851104736328125,0
185,499,0.03184103965759277,0
170,499,0.03165411949157715,0
205,499,0.0331268310546875,0
85,499,0.03180193901062012,0
160,499,0.030659198760986328,0
165,499,0.03144121170043945,0
175,499,0.032351016998291016,0
350,499,0.025626182556152344,0
225,499,0.03165411949157715,0
120,499,0.03206515312194824,0
205,499,0.03167104721069336,0
190,499,0.0290529727935791,0
670,115,0.0031538009643554688,1
275,499,0.03127694129943848,0
395,92,0.01745891571044922,0
180,499,0.030594825744628906,0
130,499,0.029904842376708984,0
170,499,0.0319669246673584,0
735,165,0.005856037139892578,1
150,499,0.030887365341186523,0
210,499,0.03034687042236328,0
175,499,0.030920982360839844,0
565,115,0.019636869430541992,0
690,137,0.004270792007446289,1
700,124,0.004764080047607422,1
415,499,0.02872920036315918,0
335,499,0.028831005096435547,0
365,499,0.025655031204223633,0
180,499,0.03450822830200195,0
245,499,0.030009031295776367,0
225,499,0.034929752349853516,0
225,499,0.032351016998291016,0
200,499,0.03454995155334473,0
230,499,0.031831979751586914,0
230,499,0.031395912170410156,0
215,499,0.0325779914855957,0
90,499,0.03634476661682129,0
390,83,0.024615049362182617,0
150,499,0.02873516082763672,0
700,135,0.005635976791381836,1
100,499,0.03536200523376465,0
360,499,0.033650875091552734,0
305,499,0.02500772476196289,0
690,124,0.004669904708862305,1
250,499,0.0337071418762207,0
225,499,0.028025150299072266,0
200,499,0.035080909729003906,0
95,499,0.033385276794433594,0
170,499,0.03607988357543945,0
685,117,0.0032570362091064453,1
120,499,0.03328418731689453,0
235,499,0.028548717498779297,0
170,499,0.035074710845947266,0
200,499,0.03029489517211914,0
140,499,0.03440380096435547,0
200,499,0.032968997955322266,0
205,499,0.025855064392089844,0
700,119,0.004537105560302734,1
235,499,0.03212594985961914,0
225,499,0.027091026306152344,0
675,126,0.003937959671020508,1
145,499,0.03325915336608887,0
235,499,0.03234601020812988,0
130,499,0.03509187698364258,0
200,499,0.026956796646118164,0
205,499,0.0304110050201416,0
410,499,0.02608203887939453,0
170,499,0.03393912315368652,0
340,82,0.024348735809326172,0
240,499,0.02933788299560547,0
650,115,0.003301858901977539,1
160,499,0.033264875411987305,0
235,499,0.031155824661254883,0
205,499,0.030518054962158203,0
230,499,0.03217506408691406,0
45,499,0.034356117248535156,0
100,499,0.03214597702026367,0
700,138,0.004865169525146484,1
255,499,0.03199005126953125,0
280,499,0.03209877014160156,0
245,499,0.02935791015625,0
220,499,0.029584884643554688,0
685,119,0.003263235092163086,1
685,128,0.0060541629791259766,1
230,499,0.03449296951293945,0
725,134,0.005200862884521484,1
710,129,0.004759073257446289,1
700,112,0.003631114959716797,1
195,499,0.03334307670593262,0
195,499,0.03125476837158203,0
185,499,0.03235816955566406,0
180,499,0.031831979751586914,0
150,499,0.031950950622558594,0
165,499,0.030962228775024414,0
710,134,0.004870891571044922,1
155,499,0.033685922622680664,0
155,499,0.03874516487121582,0
130,499,0.03284502029418945,0
145,499,0.03162217140197754,0
155,499,0.030979156494140625,0
245,499,0.03157615661621094,0
290,499,0.03220486640930176,0
730,127,0.0038759708404541016,1
200,499,0.032392024993896484,0
360,85,0.021503925323486328,0
200,499,0.03487896919250488,0
230,499,0.03105902671813965,0
690,116,0.002864837646484375,1
130,499,0.03320026397705078,0
225,499,0.028086185455322266,0
165,499,0.03314614295959473,0
230,499,0.028470993041992188,0
675,111,0.003175973892211914,1
200,499,0.031713008880615234,0
660,113,0.003538846969604492,1
245,499,0.02590012550354004,0
150,499,0.029743194580078125,0
685,120,0.0033121109008789062,1
280,499,0.026156902313232422,0
190,499,0.03130817413330078,0
285,499,0.028718948364257812,0
195,499,0.031331777572631836,0
265,499,0.030832767486572266,0
640,105,0.0028727054595947266,1
655,119,0.003934383392333984,1
155,499,0.03280305862426758,0
165,499,0.032788991928100586,0
225,499,0.029072999954223633,0
720,133,0.003940105438232422,1
680,121,0.0038728713989257812,1
215,499,0.03238391876220703,0
685,115,0.003170013427734375,1
160,499,0.03064894676208496,0
150,499,0.0327150821685791,0
240,499,0.030623674392700195,0
705,129,0.004060029983520508,1
50,499,0.03480219841003418,0
90,499,0.03396201133728027,0
130,499,0.0340571403503418,0
230,499,0.03060293197631836,0
200,499,0.0318911075592041,0
255,499,0.0309600830078125,0
710,125,0.0036721229553222656,1
390,86,0.017325878143310547,0
160,499,0.03237581253051758,0
280,499,0.025861263275146484,0
330,499,0.0260927677154541,0
150,499,0.028703927993774414,0
695,120,0.0060269832611083984,1
320,499,0.026194095611572266,0
150,499,0.03193998336791992,0
245,499,0.029320240020751953,0
300,499,0.028020858764648438,0
100,499,0.035201072692871094,0
110,499,0.03718709945678711,0
700,130,0.005672931671142578,1
235,499,0.036103248596191406,0
250,80,0.025264978408813477,0
285,499,0.0313878059387207,0
285,499,0.02966618537902832,0
390,499,0.026479721069335938,0
270,499,0.024199962615966797,0
705,133,0.00391697883605957,1
230,499,0.031453847885131836,0
270,499,0.02947402000427246,0
675,116,0.0034902095794677734,1
445,92,0.02010202407836914,0
695,122,0.003831148147583008,1
290,499,0.029653072357177734,0
545,121,0.022637605667114258,0
160,499,0.03149104118347168,0
710,124,0.0036020278930664062,1
290,499,0.028828144073486328,0
150,499,0.03316903114318848,0
260,499,0.032839298248291016,0
170,499,0.029282093048095703,0
195,499,0.03573298454284668,0
190,499,0.03527712821960449,0
655,129,0.018116235733032227,0
330,499,0.029675006866455078,0
250,499,0.03200697898864746,0
160,499,0.03238797187805176,0
690,131,0.0042040348052978516,1
300,499,0.025942087173461914,0
175,499,0.03261375427246094,0
705,143,0.0049419403076171875,1
155,499,0.03200411796569824,0
155,499,0.031169891357421875,0
170,499,0.03620505332946777,0
675,123,0.004175901412963867,1
685,113,0.0032258033752441406,1
170,499,0.03566622734069824,0
285,499,0.03188610076904297,0
475,115,0.02126479148864746,0
205,499,0.03770184516906738,0
185,499,0.034815073013305664,0
140,499,0.0327916145324707,0
115,499,0.03497767448425293,0
160,499,0.033478736877441406,0
205,499,0.03153800964355469,0
740,147,0.0050809383392333984,1
260,499,0.029612064361572266,0
715,133,0.004541158676147461,1
220,499,0.03452014923095703,0
715,122,0.0036668777465820312,1
145,499,0.034619808197021484,0
170,499,0.0355379581451416,0
170,499,0.03797292709350586,0
290,499,0.03416109085083008,0
230,499,0.03544497489929199,0
185,499,0.036103010177612305,0
160,499,0.03605985641479492,0
705,113,0.0034291744232177734,1
725,122,0.004203081130981445,1
390,499,0.030932903289794922,0
130,499,0.03510689735412598,0
150,499,0.035225868225097656,0
280,499,0.032109975814819336,0
255,499,0.029970884323120117,0
695,133,0.0049648284912109375,1
330,499,0.031208038330078125,0
215,499,0.03169107437133789,0
715,122,0.00511479377746582,1
370,499,0.026053190231323242,0
230,499,0.03278303146362305,0
375,91,0.023075103759765625,0
270,80,0.027297019958496094,0
140,499,0.03681802749633789,0
115,499,0.03607678413391113,0
220,499,0.03476214408874512,0
305,499,0.032655954360961914,0
685,135,0.004488945007324219,1
170,499,0.036108970642089844,0
125,499,0.03337812423706055,0
345,82,0.026073932647705078,0
720,124,0.003534078598022461,1
205,499,0.0333099365234375,0
290,499,0.03323006629943848,0
170,499,0.035166025161743164,0
265,499,0.0359339714050293,0
210,499,0.031430959701538086,0
185,499,0.038677215576171875,0
240,499,0.03438997268676758,0
180,499,0.03445291519165039,0
700,130,0.004703998565673828,1
205,499,0.034970998764038086,0
680,122,0.004601955413818359,1
140,499,0.0368959903717041,0
205,499,0.03235912322998047,0
245,499,0.03506612777709961,0
145,499,0.03448891639709473,0
300,499,0.03171730041503906,0
675,113,0.00356292724609375,1
205,499,0.031658172607421875,0
190,499,0.0345768928527832,0
680,116,0.004002094268798828,1
700,123,0.004252910614013672,1
295,499,0.028334856033325195,0
255,499,0.035325050354003906,0
665,115,0.004440784454345703,1
195,499,0.03390312194824219,0
245,499,0.030003786087036133,0
280,83,0.026868343353271484,0
130,499,0.029687166213989258,0
255,499,0.034191131591796875,0
225,499,0.03467297554016113,0
275,499,0.03465104103088379,0
440,100,0.027730941772460938,0
160,499,0.034323930740356445,0
645,112,0.0031020641326904297,1
105,499,0.03423309326171875,0
340,499,0.03245902061462402,0
255,499,0.032032012939453125,0
245,499,0.029711008071899414,0
270,499,0.028705120086669922,0
250,499,0.028914928436279297,0
345,499,0.03422999382019043,0
215,499,0.031122922897338867,0
60,499,0.03268885612487793,0
680,120,0.003511190414428711,1
155,499,0.0384371280670166,0
170,499,0.03254818916320801,0
155,499,0.031857967376708984,0
355,499,0.021085023880004883,0
265,499,0.028982162475585938,0
145,499,0.03011322021484375,0
660,129,0.004055976867675781,1
675,125,0.0040531158447265625,1
375,87,0.02170872688293457,0
710,121,0.0033981800079345703,1
145,499,0.031235218048095703,0
215,499,0.03360414505004883,0
250,499,0.030045032501220703,0
705,136,0.0043370723724365234,1
325,499,0.03190493583679199,0
695,125,0.0038237571716308594,1
210,499,0.03183889389038086,0
235,499,0.03387022018432617,0
715,133,0.004140138626098633,1
210,499,0.029178142547607422,0
280,499,0.025868892669677734,0
125,499,0.03559112548828125,0
690,124,0.0036919116973876953,1
235,499,0.032243967056274414,0
300,499,0.026969194412231445,0
220,499,0.0329129695892334,0
345,90,0.02197122573852539,0
665,118,0.003997087478637695,1
425,499,0.027633190155029297,0
110,499,0.03408503532409668,0
155,499,0.029965639114379883,0
255,499,0.034915924072265625,0
715,124,0.0035789012908935547,1
225,499,0.032624006271362305,0
180,499,0.033273935317993164,0
655,115,0.0034990310668945312,1
715,131,0.0044553279876708984,1
385,499,0.025495052337646484,0
210,499,0.032549142837524414,0
705,125,0.0038480758666992188,1
310,499,0.024072885513305664,0
345,499,0.024448156356811523,0
675,132,0.004660129547119141,1
230,499,0.03566384315490723,0
260,499,0.029352903366088867,0
690,124,0.0038220882415771484,1
215,499,0.03362011909484863,0
750,133,0.0037529468536376953,1
650,107,0.003214120864868164,1
265,499,0.026880741119384766,0
150,499,0.03482985496520996,0
665,119,0.003507852554321289,1
115,499,0.03901386260986328,0
220,499,0.034013986587524414,0
475,499,0.024998903274536133,0
210,499,0.03751206398010254,0
195,499,0.0335390567779541,0
270,499,0.03428912162780762,0
255,499,0.027524709701538086,0
320,499,0.02686905860900879,0
165,499,0.03223705291748047,0
155,499,0.031182050704956055,0
225,499,0.030972957611083984,0
280,499,0.02795863151550293,0
280,499,0.0278780460357666,0
230,499,0.03221011161804199,0
160,499,0.03264307975769043,0
215,499,0.032485246658325195,0
225,499,0.031225919723510742,0
275,499,0.03347206115722656,0
245,499,0.031230926513671875,0
690,140,0.004813194274902344,1
230,499,0.03502702713012695,0
160,499,0.032167911529541016,0
210,499,0.03267526626586914,0
345,499,0.024692058563232422,0
195,499,0.03207707405090332,0
370,499,0.026068925857543945,0
700,112,0.0034003257751464844,1
665,115,0.003493070602416992,1
355,499,0.032063961029052734,0
700,133,0.004487752914428711,1
230,499,0.03439903259277344,0
225,499,0.030086994171142578,0
740,133,0.0036051273345947266,1
700,119,0.0036978721618652344,1
185,499,0.03275489807128906,0
435,499,0.023754119873046875,0
230,499,0.027344942092895508,0
160,499,0.0334630012512207,0
685,123,0.004374027252197266,1
95,499,0.033930063247680664,0
175,499,0.034375905990600586,0
135,499,0.03589606285095215,0
700,122,0.0035419464111328125,1
255,499,0.031423091888427734,0
705,125,0.003901958465576172,1
710,122,0.003419160842895508,1
710,131,0.005033969879150391,1
195,499,0.029452085494995117,0
285,499,0.03219723701477051,0
80,499,0.03398013114929199,0
180,499,0.03164196014404297,0
190,499,0.03243279457092285,0
250,499,0.028534650802612305,0
200,499,0.029541730880737305,0
680,120,0.003615140914916992,1
660,113,0.0034618377685546875,1
140,499,0.03308892250061035,0
360,91,0.024387121200561523,0
660,130,0.004064083099365234,1
100,499,0.0330808162689209,0
210,499,0.029278039932250977,0
690,132,0.004027843475341797,1
230,499,0.032382965087890625,0
185,499,0.032671213150024414,0
435,499,0.027395963668823242,0
185,499,0.0318911075592041,0
310,85,0.022524118423461914,0
455,499,0.03115701675415039,0
675,116,0.0034911632537841797,1
250,499,0.029947996139526367,0
165,499,0.03276801109313965,0
240,499,0.03141212463378906,0
675,129,0.00476384162902832,1
725,117,0.005073070526123047,1
690,125,0.005717039108276367,1
170,499,0.03583788871765137,0
335,499,0.027287006378173828,0
105,499,0.03365898132324219,0
660,121,0.00399470329284668,1
415,499,0.0285341739654541,0
80,499,0.03336906433105469,0
220,499,0.03211784362792969,0
235,499,0.034687042236328125,0
690,116,0.003532886505126953,1
160,499,0.03212332725524902,0
155,499,0.034487009048461914,0
315,499,0.029581069946289062,0
155,499,0.031347036361694336,0
705,118,0.003439188003540039,1
120,499,0.032765865325927734,0
205,499,0.02838301658630371,0
710,125,0.003926992416381836,1
740,141,0.004576921463012695,1
440,499,0.025190114974975586,0
205,499,0.030610084533691406,0
405,88,0.02279210090637207,0
190,499,0.037138938903808594,0
210,499,0.032319068908691406,0
265,499,0.03168988227844238,0
205,499,0.03238701820373535,0
690,110,0.0034880638122558594,1
145,499,0.03376579284667969,0
670,116,0.003482818603515625,1
705,138,0.0044481754302978516,1