score,num_moves,game_duration,did_win
290,99,0.0051860809326171875,0
135,99,0.006159782409667969,0
340,99,0.004714012145996094,0
195,99,0.00546574592590332,0
150,99,0.00594782829284668,0
250,99,0.004136800765991211,0
145,99,0.00514984130859375,0
665,115,0.004730701446533203,1
450,99,0.0034508705139160156,0
695,118,0.0032269954681396484,1
160,99,0.0065729618072509766,0
115,99,0.0055539608001708984,0
180,99,0.00500798225402832,0
420,91,0.0052831172943115234,0
65,99,0.006710052490234375,0
195,99,0.006060123443603516,0
670,116,0.0032639503479003906,1
230,99,0.004875898361206055,0
300,99,0.005795001983642578,0
290,99,0.004099845886230469,0
265,99,0.004436969757080078,0
450,100,0.004913806915283203,0
195,99,0.0051081180572509766,0
365,102,0.004446983337402344,0
255,99,0.0057637691497802734,0
695,118,0.00322723388671875,1
275,99,0.004194974899291992,0
195,99,0.005923748016357422,0
365,87,0.0035169124603271484,0
690,136,0.004293203353881836,1
165,99,0.006289958953857422,0
355,99,0.003841876983642578,0
200,99,0.0051271915435791016,0
255,99,0.00597381591796875,0
370,99,0.0038220882415771484,0
380,99,0.004012107849121094,0
220,99,0.006067037582397461,0
295,99,0.004136800765991211,0
200,99,0.0050427913665771484,0
370,99,0.005352973937988281,0
255,99,0.004662990570068359,0
230,99,0.0048100948333740234,0
705,125,0.00448918342590332,1
195,99,0.005007743835449219,0
140,99,0.0051670074462890625,0
215,99,0.0053713321685791016,0
200,99,0.0049479007720947266,0
235,99,0.004560947418212891,0
290,99,0.005697727203369141,0
740,140,0.004544973373413086,1
695,125,0.003981828689575195,1
220,99,0.006545066833496094,0
230,99,0.004830121994018555,0
270,99,0.004129171371459961,0
725,133,0.005735158920288086,1
425,86,0.0031299591064453125,0
65,99,0.005713701248168945,0
230,99,0.006239891052246094,0
695,111,0.0030400753021240234,1
195,99,0.0048313140869140625,0
175,99,0.006348848342895508,0
220,99,0.004941225051879883,0
250,99,0.0045812129974365234,0
140,99,0.007143735885620117,0
170,99,0.004911184310913086,0
350,89,0.0037572383880615234,0
660,116,0.0046689510345458984,1
200,99,0.005093812942504883,0
260,99,0.004430055618286133,0
220,99,0.005935192108154297,0
685,123,0.0038421154022216797,1
325,93,0.0040111541748046875,0
240,99,0.00550079345703125,0
665,112,0.0031828880310058594,1
185,99,0.005113840103149414,0
115,99,0.006741046905517578,0
690,117,0.003522634506225586,1
200,99,0.004976034164428711,0
210,99,0.006231069564819336,0
220,99,0.004405975341796875,0
675,125,0.003904104232788086,1
235,99,0.0059740543365478516,0
695,123,0.0037620067596435547,1
200,99,0.0046520233154296875,0
150,99,0.006693840026855469,0
330,99,0.003992795944213867,0
120,99,0.00521087646484375,0
255,99,0.00533604621887207,0
130,99,0.005098819732666016,0
190,99,0.004558086395263672,0
245,99,0.0057370662689208984,0
170,99,0.00519871711730957,0
350,99,0.004034757614135742,0
145,99,0.0067288875579833984,0
220,70,0.004418134689331055,0
245,99,0.0042150020599365234,0
215,99,0.0061359405517578125,0
135,99,0.005217790603637695,0
255,79,0.004137277603149414,0
180,99,0.005795955657958984,0
675,121,0.0037190914154052734,1
580,104,0.004297971725463867,0
315,78,0.003612995147705078,0
150,99,0.004910707473754883,0
260,99,0.005443096160888672,0
190,99,0.005089998245239258,0
695,119,0.0034339427947998047,1
215,99,0.00619196891784668,0
250,99,0.004718780517578125,0
700,131,0.004371166229248047,1
220,99,0.006058931350708008,0
285,99,0.004308938980102539,0
345,99,0.004063844680786133,0
300,99,0.005109071731567383,0
240,72,0.0043201446533203125,0
725,117,0.0032858848571777344,1
310,99,0.0054700374603271484,0
240,99,0.0041849613189697266,0
255,99,0.0045108795166015625,0
665,117,0.005180835723876953,1
215,103,0.004737138748168945,0
685,118,0.003473043441772461,1
160,99,0.006242990493774414,0
365,99,0.004064083099365234,0
215,99,0.004910945892333984,0
690,118,0.0048487186431884766,1
490,108,0.004291057586669922,0
685,123,0.003988027572631836,1
690,124,0.005017995834350586,1
695,124,0.0034542083740234375,1
255,99,0.00436711311340332,0
230,99,0.005971193313598633,0
710,123,0.0034818649291992188,1
215,99,0.004895925521850586,0
230,99,0.005825042724609375,0
280,86,0.0043261051177978516,0
240,99,0.004348039627075195,0
330,80,0.005324125289916992,0
175,99,0.004889965057373047,0
110,99,0.005501985549926758,0
700,117,0.004540920257568359,1
310,99,0.004287004470825195,0
700,127,0.0037980079650878906,1
165,99,0.006417274475097656,0
330,99,0.0042307376861572266,0
185,99,0.005037784576416016,0
685,122,0.004944801330566406,1
175,99,0.0050618648529052734,0
115,99,0.005166769027709961,0
500,100,0.004023075103759766,0
385,99,0.00374603271484375,0
135,99,0.00510716438293457,0
285,99,0.005445003509521484,0
115,99,0.005090951919555664,0
145,99,0.005053043365478516,0
140,99,0.006594181060791016,0
715,120,0.003422260284423828,1
125,99,0.005294084548950195,0
535,102,0.0043468475341796875,0
270,99,0.004324913024902344,0
180,99,0.004973888397216797,0
155,99,0.006520748138427734,0
670,109,0.0032968521118164062,1
95,99,0.005346059799194336,0
680,121,0.004895925521850586,1
290,99,0.004209995269775391,0
160,99,0.005280017852783203,0
70,99,0.006934165954589844,0
320,99,0.003984928131103516,0
705,123,0.0037529468536376953,1
180,99,0.006328105926513672,0
235,80,0.0043621063232421875,0
670,114,0.003045797348022461,1
165,99,0.006673097610473633,0
215,99,0.004941701889038086,0
210,99,0.004745960235595703,0
165,99,0.006046772003173828,0
240,99,0.0046558380126953125,0
130,99,0.00532984733581543,0
450,99,0.005296230316162109,0
175,99,0.005083799362182617,0
645,119,0.0037682056427001953,1
165,99,0.0060651302337646484,0
125,99,0.005398988723754883,0
190,99,0.004870891571044922,0
705,125,0.0050389766693115234,1
275,99,0.003949165344238281,0
345,92,0.003860950469970703,0
175,99,0.006483316421508789,0
215,99,0.004779815673828125,0
165,99,0.005998134613037109,0
175,99,0.005925178527832031,0
235,99,0.00431370735168457,0
205,99,0.006323099136352539,0
225,99,0.004926443099975586,0
705,128,0.003835916519165039,1
190,99,0.0059528350830078125,0
160,99,0.0051097869873046875,0
195,99,0.004871368408203125,0
700,128,0.0057752132415771484,1
145,99,0.005219936370849609,0
280,99,0.004466056823730469,0
135,99,0.006915092468261719,0
145,99,0.0050809383392333984,0
685,118,0.005052328109741211,1
120,99,0.0053789615631103516,0
225,99,0.00475001335144043,0
185,99,0.0063250064849853516,0
90,99,0.005682229995727539,0
230,99,0.0047149658203125,0
405,91,0.004900217056274414,0
675,116,0.0032079219818115234,1
665,117,0.0035047531127929688,1
145,99,0.005908012390136719,0
310,99,0.004842042922973633,0
275,99,0.003962039947509766,0
690,114,0.004608869552612305,1
115,99,0.005438089370727539,0
215,99,0.0047380924224853516,0
175,99,0.00618290901184082,0
265,99,0.0044710636138916016,0
165,99,0.004909038543701172,0
195,99,0.006103038787841797,0
360,102,0.004333972930908203,0
680,115,0.003513813018798828,1
220,99,0.0055849552154541016,0
280,99,0.004446983337402344,0
205,99,0.004575014114379883,0
205,99,0.0060160160064697266,0
80,99,0.005736827850341797,0
150,99,0.005506038665771484,0
140,99,0.006402015686035156,0
160,99,0.005311012268066406,0
195,99,0.005702972412109375,0
135,99,0.005312919616699219,0
645,113,0.004292964935302734,1
350,105,0.0042989253997802734,0
350,92,0.005112171173095703,0
300,99,0.003945112228393555,0
255,99,0.004561901092529297,0
685,123,0.00556635856628418,1
300,99,0.004400014877319336,0
665,110,0.002958059310913086,1
450,107,0.005177974700927734,0
695,127,0.0038688182830810547,1
180,99,0.0049610137939453125,0
635,107,0.0038299560546875,1
250,99,0.004761934280395508,0
705,132,0.003947019577026367,1
285,99,0.005780935287475586,0
185,99,0.005045890808105469,0
120,99,0.00545191764831543,0
190,99,0.005866050720214844,0
725,128,0.003973960876464844,1
245,99,0.0041217803955078125,0
410,99,0.0050470829010009766,0
185,99,0.005371809005737305,0
230,99,0.0048792362213134766,0
670,120,0.003854990005493164,1
175,99,0.004784822463989258,0
245,99,0.006129741668701172,0
180,99,0.005049228668212891,0
380,97,0.0036520957946777344,0
230,99,0.005915164947509766,0
285,99,0.003962278366088867,0
185,99,0.005113124847412109,0
190,99,0.0059430599212646484,0
465,99,0.0032198429107666016,0
215,99,0.004517078399658203,0
660,112,0.0036878585815429688,1
695,119,0.004086732864379883,1
265,99,0.004446983337402344,0
715,136,0.0055179595947265625,1
115,99,0.005262851715087891,0
280,99,0.004084110260009766,0
185,99,0.00654911994934082,0
195,99,0.0048367977142333984,0
225,99,0.004537105560302734,0
310,89,0.005197763442993164,0
225,99,0.004477262496948242,0
215,99,0.004571199417114258,0
655,127,0.0052089691162109375,1
690,120,0.0034661293029785156,1
215,99,0.004422187805175781,0
340,99,0.005399227142333984,0
270,99,0.004703998565673828,0
260,99,0.004369020462036133,0
200,99,0.005835771560668945,0
250,99,0.004117012023925781,0
165,99,0.0051419734954833984,0
150,99,0.0063321590423583984,0
490,103,0.0038111209869384766,0
115,99,0.00528407096862793,0
170,99,0.006455898284912109,0
170,99,0.004584074020385742,0
285,99,0.0045528411865234375,0
295,99,0.005361080169677734,0
180,99,0.005309104919433594,0
710,130,0.003954887390136719,1
200,99,0.005839824676513672,0
215,99,0.004748106002807617,0
665,112,0.003300189971923828,1
690,121,0.004678010940551758,1
305,99,0.00431513786315918,0
140,99,0.00517582893371582,0
280,99,0.0060558319091796875,0
225,99,0.004930019378662109,0
250,99,0.004322052001953125,0
205,99,0.006168842315673828,0
210,99,0.0046100616455078125,0
675,111,0.0030057430267333984,1
175,99,0.0064508914947509766,0
250,100,0.004469156265258789,0
275,99,0.004390239715576172,0
200,99,0.0063631534576416016,0
220,99,0.004742860794067383,0
125,99,0.0055310726165771484,0
215,99,0.005850076675415039,0
200,99,0.004932880401611328,0
320,99,0.004119157791137695,0
335,99,0.005493879318237305,0
715,129,0.0036759376525878906,1
220,99,0.004687070846557617,0
165,99,0.006105899810791016,0
325,99,0.004060029983520508,0
365,102,0.00400996208190918,0
300,99,0.00592494010925293,0
210,99,0.0046041011810302734,0
205,99,0.0045130252838134766,0
665,105,0.004030942916870117,1
675,116,0.0034439563751220703,1
255,99,0.004408121109008789,0
125,99,0.006685018539428711,0
680,115,0.003476858139038086,1
235,99,0.004744052886962891,0
150,99,0.006447792053222656,0
510,113,0.0041887760162353516,0
200,99,0.0050811767578125,0
155,99,0.006641864776611328,0
350,88,0.0038831233978271484,0
340,87,0.0034787654876708984,0
275,80,0.005085945129394531,0
270,99,0.0045130252838134766,0
685,127,0.004132747650146484,1
245,99,0.005674123764038086,0
510,105,0.0037827491760253906,0
50,99,0.005377054214477539,0
250,99,0.00538182258605957,0
680,113,0.003353118896484375,1
165,99,0.005339860916137695,0
695,117,0.004712104797363281,1
320,97,0.004235029220581055,0
155,99,0.005280971527099609,0
220,99,0.005274057388305664,0
725,131,0.004399299621582031,1
200,99,0.00592803955078125,0
250,99,0.005520820617675781,0
720,137,0.004985809326171875,1
670,106,0.003607034683227539,1
705,132,0.00510406494140625,1
165,99,0.005883932113647461,0
590,104,0.0032792091369628906,0
225,99,0.0052490234375,0
150,99,0.0054168701171875,0
655,114,0.003756999969482422,1
180,99,0.005698204040527344,0
200,99,0.005190849304199219,0
125,99,0.006031990051269531,0
95,99,0.005630970001220703,0
235,99,0.00477910041809082,0
120,99,0.0066680908203125,0
430,99,0.003786325454711914,0
355,85,0.0048410892486572266,0
230,99,0.0047359466552734375,0
160,99,0.00493311882019043,0
205,99,0.00631403923034668,0
215,99,0.004866123199462891,0
210,99,0.004818916320800781,0
175,99,0.006161928176879883,0
225,99,0.0048100948333740234,0
155,99,0.004929065704345703,0
210,99,0.006346940994262695,0
235,99,0.00455927848815918,0
675,119,0.0035521984100341797,1
700,124,0.004926919937133789,1
235,99,0.005026102066040039,0
175,99,0.004238128662109375,0
690,117,0.004616260528564453,1
390,98,0.004178047180175781,0
185,99,0.004947185516357422,0
265,99,0.006090879440307617,0
225,99,0.004705190658569336,0
265,99,0.006752967834472656,0
690,122,0.004060983657836914,1
205,99,0.004838705062866211,0
320,99,0.005160808563232422,0
710,137,0.004602193832397461,1
150,99,0.005244016647338867,0
665,116,0.004536867141723633,1
220,99,0.004860877990722656,0
710,117,0.0034208297729492188,1
690,121,0.005007028579711914,1
135,99,0.005276918411254883,0
230,99,0.0048329830169677734,0
190,99,0.005908966064453125,0
360,99,0.0041179656982421875,0
190,99,0.004780769348144531,0
285,99,0.005600929260253906,0
110,99,0.005398750305175781,0
130,99,0.005113124847412109,0
210,99,0.0058972835540771484,0
175,99,0.0052700042724609375,0
185,99,0.004930973052978516,0
145,99,0.00866389274597168,0
130,99,0.0052242279052734375,0
120,99,0.005496025085449219,0
170,99,0.0064051151275634766,0
185,99,0.006083011627197266,0
145,99,0.005368947982788086,0
105,99,0.0065000057220458984,0
710,114,0.0033311843872070312,1
240,99,0.004697084426879883,0
290,99,0.0057048797607421875,0
165,99,0.0050640106201171875,0
320,92,0.004241943359375,0
235,99,0.005834102630615234,0
270,99,0.0046231746673583984,0
195,99,0.004764080047607422,0
200,99,0.007112026214599609,0
260,99,0.004682064056396484,0
270,99,0.004377841949462891,0
345,84,0.00520777702331543,0
230,99,0.004745006561279297,0
710,130,0.003926992416381836,1
75,99,0.006927013397216797,0
325,99,0.00423121452331543,0
160,99,0.0050771236419677734,0
145,99,0.006414175033569336,0
125,99,0.005486965179443359,0
300,99,0.00400996208190918,0
230,99,0.006082773208618164,0
135,99,0.005213737487792969,0
165,99,0.0050089359283447266,0
195,99,0.0064051151275634766,0
345,93,0.003957986831665039,0
120,99,0.005288362503051758,0
190,99,0.00590205192565918,0
180,99,0.0049631595611572266,0
145,99,0.0054378509521484375,0
140,99,0.006447315216064453,0
410,99,0.0035750865936279297,0
110,99,0.005470991134643555,0
695,132,0.005444049835205078,1
110,99,0.005864858627319336,0
310,99,0.0038042068481445312,0
705,124,0.004760026931762695,1
675,119,0.0035371780395507812,1
300,99,0.00434422492980957,0
220,99,0.005608081817626953,0
265,99,0.004759073257446289,0
180,99,0.005168914794921875,0
345,77,0.005082130432128906,0
645,101,0.0025768280029296875,1
685,121,0.005045890808105469,1
210,99,0.00429987907409668,0
700,131,0.004052162170410156,1
195,99,0.007012844085693359,0
350,99,0.004052162170410156,0
260,99,0.004385948181152344,0
185,99,0.0059108734130859375,0
210,99,0.0050008296966552734,0
185,99,0.004901885986328125,0
90,99,0.0067560672760009766,0
345,95,0.0036652088165283203,0
690,125,0.003537893295288086,1
680,117,0.0032939910888671875,1
200,99,0.00621795654296875,0
250,99,0.00493621826171875,0
120,99,0.006294965744018555,0
135,99,0.006495952606201172,0
210,99,0.004862785339355469,0
685,136,0.004478931427001953,1
190,99,0.006192922592163086,0
265,99,0.004645824432373047,0
250,104,0.004998922348022461,0
230,99,0.005585193634033203,0
280,99,0.004690885543823242,0
430,99,0.0035228729248046875,0
695,120,0.004930734634399414,1
120,99,0.005435943603515625,0
280,99,0.004256010055541992,0
255,99,0.005607128143310547,0
375,99,0.003905057907104492,0
690,127,0.003654003143310547,1
255,99,0.005313873291015625,0
700,130,0.004056215286254883,1
275,99,0.004388093948364258,0
195,99,0.0058782100677490234,0
190,99,0.00514674186706543,0
260,99,0.004586935043334961,0
105,99,0.006078004837036133,0
675,118,0.003313779830932617,1
270,99,0.004791975021362305,0
705,138,0.005544900894165039,1
665,133,0.004506111145019531,1
220,99,0.004754066467285156,0
470,100,0.004500150680541992,0
325,99,0.004648923873901367,0
205,99,0.004957914352416992,0
325,99,0.00515294075012207,0
300,84,0.0038979053497314453,0
175,99,0.00506591796875,0
240,99,0.0058782100677490234,0
240,99,0.004316806793212891,0
710,134,0.004197835922241211,1
185,99,0.006125926971435547,0
315,93,0.0042498111724853516,0
275,99,0.004610776901245117,0
155,99,0.006530046463012695,0
300,99,0.004477024078369141,0
210,99,0.005009889602661133,0
205,99,0.00609588623046875,0
510,107,0.003782033920288086,0
210,99,0.005017995834350586,0
690,116,0.004486083984375,1
140,99,0.005639791488647461,0
185,99,0.0042078495025634766,0
245,99,0.005846977233886719,0
240,99,0.004678964614868164,0
290,99,0.0038683414459228516,0
720,134,0.0054361820220947266,1
665,118,0.0035049915313720703,1
185,99,0.00513005256652832,0
500,99,0.00460505485534668,0
245,99,0.0047109127044677734,0
220,99,0.0045490264892578125,0
165,99,0.0068700313568115234,0
305,99,0.004439115524291992,0
250,99,0.004525899887084961,0
165,99,0.006287813186645508,0
200,99,0.0047152042388916016,0
235,99,0.004505157470703125,0
225,100,0.006107807159423828,0
225,99,0.0052149295806884766,0
715,122,0.003421783447265625,1
700,112,0.004254341125488281,1
675,118,0.003598928451538086,1
680,108,0.0034017562866210938,1
240,99,0.006049156188964844,0
190,99,0.005009889602661133,0
175,99,0.004898786544799805,0
140,99,0.006567716598510742,0
340,99,0.003844022750854492,0
415,99,0.003922939300537109,0
335,84,0.00492405891418457,0
255,99,0.004408121109008789,0
135,99,0.005263805389404297,0
265,99,0.005700111389160156,0
105,99,0.005463123321533203,0
705,123,0.0033452510833740234,1
200,99,0.005799055099487305,0
280,99,0.0040509700775146484,0
340,99,0.0041582584381103516,0
370,88,0.004633188247680664,0
655,115,0.003384113311767578,1
190,99,0.00508427619934082,0
665,119,0.004487276077270508,1
190,99,0.005138874053955078,0
195,99,0.005059719085693359,0
370,107,0.005615949630737305,0
200,99,0.004867076873779297,0
280,99,0.004266977310180664,0
695,120,0.004775285720825195,1
250,99,0.004563093185424805,0
385,99,0.003999233245849609,0
200,99,0.005888938903808594,0
150,99,0.005430936813354492,0
270,99,0.004279136657714844,0
380,99,0.005124807357788086,0
700,137,0.0046198368072509766,1
670,118,0.003610849380493164,1
195,99,0.006033897399902344,0
725,138,0.004446983337402344,1
590,105,0.0030050277709960938,0
295,94,0.005274295806884766,0
705,125,0.0035657882690429688,1
720,126,0.003537893295288086,1
155,99,0.005223751068115234,0
665,116,0.003565073013305664,1
210,99,0.005072116851806641,0
270,99,0.005568027496337891,0
290,99,0.004411935806274414,0
675,126,0.003701925277709961,1
145,99,0.006140947341918945,0
230,99,0.00485682487487793,0
155,99,0.005210161209106445,0
190,99,0.00609898567199707,0
105,99,0.0054168701171875,0
275,99,0.004503965377807617,0
685,130,0.005665779113769531,1
285,99,0.004573822021484375,0
715,128,0.005020856857299805,1
180,99,0.004907131195068359,0
670,112,0.002891063690185547,1
155,99,0.006329774856567383,0
145,99,0.004931926727294922,0
205,99,0.004667997360229492,0
300,99,0.005597114562988281,0
150,99,0.0053558349609375,0
195,99,0.0045549869537353516,0
75,99,0.006930351257324219,0
715,129,0.0038788318634033203,1
175,99,0.005159139633178711,0
345,99,0.005507946014404297,0
190,99,0.004995822906494141,0
220,99,0.004971027374267578,0
160,99,0.006730079650878906,0
475,100,0.0035140514373779297,0
240,99,0.004948854446411133,0
225,99,0.005828142166137695,0
255,99,0.004403829574584961,0
210,99,0.004743099212646484,0
175,99,0.005908012390136719,0
690,128,0.004216194152832031,1
215,99,0.005088090896606445,0
685,117,0.004509925842285156,1
125,99,0.005465030670166016,0
230,99,0.004431009292602539,0
340,99,0.0048258304595947266,0
235,99,0.004336118698120117,0
250,99,0.004237174987792969,0
250,99,0.00573277473449707,0
190,99,0.005093812942504883,0
140,99,0.005244016647338867,0
360,99,0.004889011383056641,0
300,99,0.0043370723724365234,0
275,99,0.004580259323120117,0
310,99,0.005460977554321289,0
405,92,0.003428936004638672,0
330,99,0.004553794860839844,0
695,128,0.004972934722900391,1
245,99,0.004538774490356445,0
375,96,0.0041010379791259766,0
145,99,0.006426095962524414,0
155,99,0.005276918411254883,0
245,99,0.00461268424987793,0
135,99,0.006247043609619141,0
690,126,0.0037577152252197266,1
85,99,0.005276918411254883,0
400,99,0.0049359798431396484,0
300,99,0.004250764846801758,0
675,121,0.003526926040649414,1
335,99,0.0034608840942382812,0
390,99,0.0049359798431396484,0
250,99,0.004834890365600586,0
235,99,0.005594968795776367,0
270,99,0.004799842834472656,0
225,99,0.004525184631347656,0
670,106,0.003590822219848633,1
240,99,0.005056142807006836,0
710,124,0.00403904914855957,1
430,111,0.006102085113525391,0
155,99,0.005265951156616211,0
175,99,0.005335092544555664,0
160,99,0.005856990814208984,0
180,99,0.0050411224365234375,0
180,99,0.005079984664916992,0
670,119,0.005193948745727539,1
250,99,0.004385709762573242,0
255,99,0.004393100738525391,0
195,99,0.006186962127685547,0
190,99,0.0050029754638671875,0
245,99,0.004767894744873047,0
430,107,0.005685091018676758,0
225,99,0.004225015640258789,0
140,99,0.004907131195068359,0
120,99,0.0066030025482177734,0
130,99,0.0053980350494384766,0
315,99,0.00409698486328125,0
435,101,0.005208015441894531,0
300,99,0.004015922546386719,0
200,99,0.004603862762451172,0
330,99,0.005286216735839844,0
235,99,0.005070924758911133,0
475,107,0.003812074661254883,0
340,99,0.00481104850769043,0
165,99,0.005366086959838867,0
140,99,0.004948854446411133,0
170,99,0.006494998931884766,0
190,99,0.005223989486694336,0
680,108,0.003160238265991211,1
690,131,0.005095243453979492,1
295,99,0.004389762878417969,0
210,99,0.004731893539428711,0
700,121,0.004402875900268555,1
275,99,0.004271030426025391,0
330,89,0.003997087478637695,0
715,126,0.00504302978515625,1
195,99,0.004586935043334961,0
95,99,0.005386829376220703,0
200,99,0.006137847900390625,0
210,99,0.0050771236419677734,0
220,99,0.004507303237915039,0
190,99,0.006107330322265625,0
175,99,0.005139827728271484,0
275,99,0.004419088363647461,0
110,99,0.006381034851074219,0
160,99,0.005264997482299805,0
175,99,0.004940986633300781,0
215,99,0.005970954895019531,0
225,99,0.004497051239013672,0
260,99,0.004732847213745117,0
170,99,0.005999326705932617,0
185,99,0.0051958560943603516,0
405,101,0.0038628578186035156,0
330,91,0.005220890045166016,0
315,99,0.004395961761474609,0
680,119,0.0031957626342773438,1
200,99,0.006151914596557617,0
120,99,0.005379199981689453,0
170,99,0.005105018615722656,0
270,99,0.005377054214477539,0
685,119,0.0033540725708007812,1
385,108,0.004668235778808594,0
220,99,0.006150960922241211,0
155,99,0.0050470829010009766,0
725,130,0.003968954086303711,1
665,119,0.0048639774322509766,1
705,125,0.0034308433532714844,1
215,99,0.004912137985229492,0
185,99,0.00623011589050293,0
150,99,0.005285024642944336,0
680,114,0.0030112266540527344,1
175,99,0.005865812301635742,0
335,99,0.0041081905364990234,0
685,123,0.0037190914154052734,1
130,99,0.007027149200439453,0
190,99,0.004866123199462891,0
210,99,0.004932880401611328,0
475,104,0.005280017852783203,0
215,99,0.004548788070678711,0
295,99,0.0041773319244384766,0
170,99,0.006422996520996094,0
235,99,0.0043871402740478516,0
285,99,0.004536151885986328,0
695,120,0.004876852035522461,1
275,87,0.00397491455078125,0
160,99,0.005105018615722656,0
440,99,0.004871845245361328,0
675,119,0.0036940574645996094,1
470,99,0.0034639835357666016,0
690,125,0.0039653778076171875,1
310,99,0.005052804946899414,0
690,122,0.0038979053497314453,1
680,114,0.004067182540893555,1
120,99,0.005474090576171875,0
335,99,0.004297971725463867,0
675,118,0.0051310062408447266,1
715,131,0.0039520263671875,1
145,99,0.006036043167114258,0
375,99,0.005244016647338867,0
660,113,0.003217935562133789,1
195,99,0.006381034851074219,0
665,114,0.0031251907348632812,1
695,119,0.0033860206604003906,1
155,99,0.006378173828125,0
525,106,0.00399017333984375,0
230,99,0.004971027374267578,0
270,99,0.0060880184173583984,0
710,128,0.003970146179199219,1
165,99,0.005108833312988281,0
185,99,0.006166934967041016,0
160,99,0.005543947219848633,0
290,99,0.00436711311340332,0
155,99,0.006471872329711914,0
670,123,0.003779888153076172,1
550,105,0.003397226333618164,0
190,99,0.006147146224975586,0
330,99,0.00406336784362793,0
105,99,0.005451679229736328,0
180,99,0.00653386116027832,0
220,99,0.004726886749267578,0
405,102,0.004296779632568359,0
125,99,0.006670951843261719,0
185,99,0.005315065383911133,0
145,99,0.006535768508911133,0
315,99,0.005058765411376953,0
665,116,0.003790140151977539,1
215,99,0.0059473514556884766,0
310,80,0.003984928131103516,0
295,99,0.0044651031494140625,0
230,99,0.005700111389160156,0
160,99,0.0050487518310546875,0
125,99,0.0056531429290771484,0
280,99,0.004897117614746094,0
680,108,0.0029268264770507812,1
310,99,0.005697965621948242,0
240,99,0.005049943923950195,0
700,132,0.0041620731353759766,1
650,111,0.004763126373291016,1
95,99,0.005460977554321289,0
245,99,0.004917144775390625,0
290,91,0.005014896392822266,0
465,89,0.003264904022216797,0
315,99,0.005462169647216797,0
680,119,0.0035130977630615234,1
705,124,0.003947019577026367,1
180,99,0.006205081939697266,0
195,99,0.004487037658691406,0
155,99,0.0050640106201171875,0
355,88,0.004939079284667969,0
145,99,0.0054018497467041016,0
225,99,0.004862070083618164,0
170,99,0.006072998046875,0
260,99,0.0046427249908447266,0
185,99,0.0050122737884521484,0
340,100,0.0057849884033203125,0
680,127,0.004106044769287109,1
295,99,0.004273176193237305,0
145,99,0.006601810455322266,0
245,99,0.005021095275878906,0
710,125,0.0035970211029052734,1
185,99,0.0063059329986572266,0
390,101,0.004519224166870117,0
155,99,0.005327939987182617,0
225,99,0.006309032440185547,0
685,120,0.003276824951171875,1
150,99,0.005423069000244141,0
695,120,0.005076885223388672,1
695,122,0.0039010047912597656,1
230,99,0.0045239925384521484,0
160,99,0.006266117095947266,0
680,124,0.0035779476165771484,1
655,114,0.0033249855041503906,1
130,99,0.00655817985534668,0
280,99,0.004419088363647461,0
215,99,0.005012989044189453,0
670,117,0.004714012145996094,1
660,112,0.0029878616333007812,1
210,99,0.004884004592895508,0
255,99,0.0057909488677978516,0
400,99,0.003968000411987305,0
235,99,0.00474095344543457,0
235,99,0.005894899368286133,0
200,99,0.004680156707763672,0
265,99,0.004250049591064453,0
210,99,0.0059468746185302734,0
285,99,0.004408121109008789,0
325,99,0.004518032073974609,0
210,99,0.005544900894165039,0
660,119,0.0036351680755615234,1
225,99,0.004798173904418945,0
195,99,0.0064351558685302734,0
270,99,0.0046231746673583984,0
145,99,0.005338907241821289,0
560,103,0.004213809967041016,0
660,120,0.003222942352294922,1
260,99,0.00459599494934082,0
255,99,0.004961967468261719,0
330,99,0.0038139820098876953,0
665,116,0.0035278797149658203,1
255,99,0.005747079849243164,0
675,142,0.004752159118652344,1
110,99,0.005457878112792969,0
325,86,0.00562596321105957,0
145,99,0.005316019058227539,0
675,119,0.0032269954681396484,1
260,99,0.005961894989013672,0
710,127,0.003965139389038086,1
285,99,0.004316091537475586,0
155,99,0.006516933441162109,0
550,99,0.0030760765075683594,0
140,99,0.005563974380493164,0
155,99,0.006587028503417969,0
170,99,0.0049059391021728516,0
440,93,0.0036690235137939453,0
185,99,0.005903005599975586,0
245,99,0.004988908767700195,0
285,99,0.004462003707885742,0
715,122,0.004770994186401367,1
90,99,0.005964994430541992,0
290,99,0.004225015640258789,0
165,99,0.005979061126708984,0
210,99,0.005281209945678711,0
220,99,0.005948781967163086,0
300,101,0.005447864532470703,0
175,99,0.0054378509521484375,0
235,99,0.004952907562255859,0
310,99,0.005303144454956055,0
535,99,0.0029850006103515625,0
270,99,0.005656719207763672,0
715,138,0.004555225372314453,1
200,99,0.0052738189697265625,0
110,99,0.00680994987487793,0
195,99,0.0049991607666015625,0
325,99,0.0038847923278808594,0
165,99,0.006463050842285156,0
255,99,0.004496097564697266,0
255,99,0.00447535514831543,0
170,99,0.006052970886230469,0
140,99,0.005278825759887695,0
185,99,0.005051851272583008,0
350,99,0.005198240280151367,0
215,99,0.004951000213623047,0
155,99,0.005486249923706055,0
240,99,0.005749940872192383,0
280,99,0.0042378902435302734,0
165,99,0.005407094955444336,0
690,123,0.004626035690307617,1
700,123,0.003932952880859375,1
275,99,0.0044019222259521484,0
270,99,0.005597352981567383,0
370,99,0.0036706924438476562,0
410,100,0.003754138946533203,0
160,99,0.006434917449951172,0
675,120,0.0036880970001220703,1
700,122,0.003534078598022461,1
265,99,0.00509190559387207,0
200,99,0.004988908767700195,0
145,99,0.005463838577270508,0
255,99,0.005722999572753906,0
460,93,0.0029709339141845703,0
470,99,0.004825115203857422,0
165,99,0.005089759826660156,0
695,135,0.004625082015991211,1
190,99,0.006653308868408203,0
220,99,0.004915952682495117,0
715,128,0.00398707389831543,1
160,99,0.0060350894927978516,0
300,99,0.004537105560302734,0
160,99,0.005244255065917969,0
185,99,0.006489992141723633,0
135,99,0.0054018497467041016,0
215,99,0.004148006439208984,0
135,99,0.006059885025024414,0
150,99,0.004725933074951172,0
140,99,0.005220890045166016,0
665,116,0.004511833190917969,1
200,99,0.004785299301147461,0
125,99,0.0053560733795166016,0
365,99,0.0051708221435546875,0
200,99,0.004719257354736328,0
285,99,0.004530191421508789,0
700,122,0.004347085952758789,1
390,99,0.00360107421875,0
680,120,0.003599882125854492,1
205,99,0.005772113800048828,0
245,99,0.005016803741455078,0
190,99,0.004820823669433594,0
705,147,0.0064618587493896484,1
200,99,0.004515886306762695,0
195,99,0.004933834075927734,0
235,101,0.005589008331298828,0
155,99,0.0051288604736328125,0
325,99,0.004019021987915039,0
260,99,0.005579948425292969,0
225,99,0.005107879638671875,0
220,99,0.00497889518737793,0
420,105,0.005493879318237305,0
120,99,0.005558967590332031,0
290,99,0.00451207160949707,0
270,99,0.005856037139892578,0
145,99,0.004974842071533203,0
700,125,0.004289150238037109,1
705,134,0.0057642459869384766,1
720,128,0.003887653350830078,1
265,99,0.0043599605560302734,0
95,99,0.0069959163665771484,0
220,99,0.004618167877197266,0
690,121,0.003303050994873047,1
195,99,0.006395101547241211,0
235,99,0.004567146301269531,0
205,99,0.004825115203857422,0
200,99,0.006356000900268555,0
310,99,0.004842996597290039,0
355,99,0.004418134689331055,0
215,99,0.005846977233886719,0
720,116,0.003036975860595703,1
245,99,0.00484776496887207,0
705,131,0.004891157150268555,1
240,99,0.0046999454498291016,0
90,99,0.005607128143310547,0
220,99,0.005842924118041992,0
130,99,0.005602121353149414,0
155,99,0.006129741668701172,0
290,99,0.004582881927490234,0
440,99,0.0046367645263671875,0
215,99,0.0049898624420166016,0
280,99,0.00551915168762207,0
200,99,0.004882097244262695,0
110,99,0.00551295280456543,0
680,119,0.0046329498291015625,1
285,99,0.004495143890380859,0
485,92,0.004154205322265625,0
195,99,0.005030155181884766,0
710,140,0.005007743835449219,1
255,99,0.005238771438598633,0
320,99,0.004057168960571289,0
85,99,0.0055959224700927734,0
660,116,0.0048160552978515625,1